{"/Users/tpl1122_19/Desktop/blog-app/client/src/components/About.jsx": {"path":"/Users/tpl1122_19/Desktop/blog-app/client/src/components/About.jsx","all":false,"statementMap":{"0":{"start":{"line":1,"column":0},"end":{"line":1,"column":26}},"2":{"start":{"line":3,"column":0},"end":{"line":3,"column":34}},"4":{"start":{"line":5,"column":0},"end":{"line":5,"column":21}},"5":{"start":{"line":6,"column":0},"end":{"line":6,"column":10}},"6":{"start":{"line":7,"column":0},"end":{"line":7,"column":32}},"7":{"start":{"line":8,"column":0},"end":{"line":8,"column":27}},"8":{"start":{"line":9,"column":0},"end":{"line":9,"column":37}},"9":{"start":{"line":10,"column":0},"end":{"line":10,"column":36}},"10":{"start":{"line":11,"column":0},"end":{"line":11,"column":134}},"17":{"start":{"line":18,"column":0},"end":{"line":18,"column":14}},"18":{"start":{"line":19,"column":0},"end":{"line":19,"column":14}},"19":{"start":{"line":20,"column":0},"end":{"line":20,"column":37}},"21":{"start":{"line":22,"column":0},"end":{"line":22,"column":53}},"22":{"start":{"line":23,"column":0},"end":{"line":23,"column":14}},"23":{"start":{"line":24,"column":0},"end":{"line":24,"column":12}},"24":{"start":{"line":25,"column":0},"end":{"line":25,"column":11}},"25":{"start":{"line":26,"column":0},"end":{"line":26,"column":31}},"26":{"start":{"line":27,"column":0},"end":{"line":27,"column":15}},"38":{"start":{"line":39,"column":0},"end":{"line":39,"column":12}},"39":{"start":{"line":40,"column":0},"end":{"line":40,"column":36}},"40":{"start":{"line":41,"column":0},"end":{"line":41,"column":71}},"41":{"start":{"line":42,"column":0},"end":{"line":42,"column":26}},"42":{"start":{"line":43,"column":0},"end":{"line":43,"column":36}},"43":{"start":{"line":44,"column":0},"end":{"line":44,"column":35}},"44":{"start":{"line":45,"column":0},"end":{"line":45,"column":32}},"45":{"start":{"line":46,"column":0},"end":{"line":46,"column":52}},"46":{"start":{"line":47,"column":0},"end":{"line":47,"column":14}},"47":{"start":{"line":48,"column":0},"end":{"line":48,"column":14}},"48":{"start":{"line":49,"column":0},"end":{"line":49,"column":10}},"50":{"start":{"line":51,"column":0},"end":{"line":51,"column":2}},"52":{"start":{"line":53,"column":0},"end":{"line":53,"column":21}}},"s":{"0":1,"2":1,"4":1,"5":1,"6":1,"7":1,"8":1,"9":1,"10":1,"17":1,"18":1,"19":1,"21":1,"22":1,"23":1,"24":1,"25":1,"26":1,"38":1,"39":1,"40":1,"41":1,"42":1,"43":1,"44":1,"45":1,"46":1,"47":1,"48":1,"50":1,"52":1},"branchMap":{"0":{"type":"branch","line":5,"loc":{"start":{"line":5,"column":14},"end":{"line":51,"column":2}},"locations":[{"start":{"line":5,"column":14},"end":{"line":51,"column":2}}]}},"b":{"0":[1]},"fnMap":{"0":{"name":"About","decl":{"start":{"line":5,"column":14},"end":{"line":51,"column":2}},"loc":{"start":{"line":5,"column":14},"end":{"line":51,"column":2}},"line":5}},"f":{"0":1}}
,"/Users/tpl1122_19/Desktop/blog-app/client/src/components/BlogPosts.jsx": {"path":"/Users/tpl1122_19/Desktop/blog-app/client/src/components/BlogPosts.jsx","all":false,"statementMap":{"0":{"start":{"line":1,"column":0},"end":{"line":1,"column":51}},"1":{"start":{"line":2,"column":0},"end":{"line":2,"column":40}},"2":{"start":{"line":3,"column":0},"end":{"line":3,"column":38}},"3":{"start":{"line":4,"column":0},"end":{"line":4,"column":32}},"5":{"start":{"line":6,"column":0},"end":{"line":6,"column":25}},"7":{"start":{"line":8,"column":0},"end":{"line":8,"column":43}},"10":{"start":{"line":11,"column":0},"end":{"line":11,"column":21}},"11":{"start":{"line":12,"column":0},"end":{"line":12,"column":40}},"12":{"start":{"line":13,"column":0},"end":{"line":13,"column":17}},"13":{"start":{"line":14,"column":0},"end":{"line":14,"column":80}},"14":{"start":{"line":15,"column":0},"end":{"line":15,"column":51}},"15":{"start":{"line":16,"column":0},"end":{"line":16,"column":31}},"16":{"start":{"line":17,"column":0},"end":{"line":17,"column":29}},"17":{"start":{"line":18,"column":0},"end":{"line":18,"column":70}},"18":{"start":{"line":19,"column":0},"end":{"line":19,"column":28}},"19":{"start":{"line":20,"column":0},"end":{"line":20,"column":13}},"20":{"start":{"line":21,"column":0},"end":{"line":21,"column":10}},"21":{"start":{"line":22,"column":0},"end":{"line":22,"column":21}},"22":{"start":{"line":23,"column":0},"end":{"line":23,"column":11}},"24":{"start":{"line":25,"column":0},"end":{"line":25,"column":37}},"25":{"start":{"line":26,"column":0},"end":{"line":26,"column":56}},"26":{"start":{"line":27,"column":0},"end":{"line":27,"column":6}},"29":{"start":{"line":30,"column":0},"end":{"line":30,"column":42}},"30":{"start":{"line":31,"column":0},"end":{"line":31,"column":81}},"31":{"start":{"line":32,"column":0},"end":{"line":32,"column":57}},"32":{"start":{"line":33,"column":0},"end":{"line":33,"column":3}},"35":{"start":{"line":36,"column":0},"end":{"line":36,"column":12}},"36":{"start":{"line":37,"column":0},"end":{"line":37,"column":39}},"37":{"start":{"line":38,"column":0},"end":{"line":38,"column":50}},"38":{"start":{"line":39,"column":0},"end":{"line":39,"column":33}},"39":{"start":{"line":40,"column":0},"end":{"line":40,"column":32}},"40":{"start":{"line":41,"column":0},"end":{"line":41,"column":54}},"41":{"start":{"line":42,"column":0},"end":{"line":42,"column":62}},"42":{"start":{"line":43,"column":0},"end":{"line":43,"column":65}},"43":{"start":{"line":44,"column":0},"end":{"line":44,"column":92}},"44":{"start":{"line":45,"column":0},"end":{"line":45,"column":167}},"45":{"start":{"line":46,"column":0},"end":{"line":46,"column":19}},"46":{"start":{"line":47,"column":0},"end":{"line":47,"column":13}},"47":{"start":{"line":48,"column":0},"end":{"line":48,"column":11}},"48":{"start":{"line":49,"column":0},"end":{"line":49,"column":43}},"49":{"start":{"line":50,"column":0},"end":{"line":50,"column":8}},"51":{"start":{"line":52,"column":0},"end":{"line":52,"column":2}},"53":{"start":{"line":54,"column":0},"end":{"line":54,"column":25}}},"s":{"0":1,"1":1,"2":1,"3":1,"5":1,"7":4,"10":4,"11":2,"12":2,"13":2,"14":2,"15":2,"16":2,"17":0,"18":0,"19":0,"20":2,"21":2,"22":4,"24":4,"25":0,"26":0,"29":4,"30":0,"31":0,"32":0,"35":4,"36":4,"37":4,"38":4,"39":4,"40":2,"41":2,"42":2,"43":2,"44":2,"45":2,"46":4,"47":4,"48":4,"49":4,"51":4,"53":1},"branchMap":{"0":{"type":"branch","line":6,"loc":{"start":{"line":6,"column":18},"end":{"line":52,"column":2}},"locations":[{"start":{"line":6,"column":18},"end":{"line":52,"column":2}}]},"1":{"type":"branch","line":11,"loc":{"start":{"line":11,"column":14},"end":{"line":23,"column":7}},"locations":[{"start":{"line":11,"column":14},"end":{"line":23,"column":7}}]},"2":{"type":"branch","line":12,"loc":{"start":{"line":12,"column":27},"end":{"line":21,"column":10}},"locations":[{"start":{"line":12,"column":27},"end":{"line":21,"column":10}}]},"3":{"type":"branch","line":17,"loc":{"start":{"line":17,"column":12},"end":{"line":20,"column":13}},"locations":[{"start":{"line":17,"column":12},"end":{"line":20,"column":13}}]},"4":{"type":"branch","line":40,"loc":{"start":{"line":40,"column":21},"end":{"line":46,"column":19}},"locations":[{"start":{"line":40,"column":21},"end":{"line":46,"column":19}}]}},"b":{"0":[4],"1":[2],"2":[2],"3":[0],"4":[2]},"fnMap":{"0":{"name":"BlogPosts","decl":{"start":{"line":6,"column":18},"end":{"line":52,"column":2}},"loc":{"start":{"line":6,"column":18},"end":{"line":52,"column":2}},"line":6},"1":{"name":"fetchPosts","decl":{"start":{"line":12,"column":27},"end":{"line":21,"column":10}},"loc":{"start":{"line":12,"column":27},"end":{"line":21,"column":10}},"line":12},"2":{"name":"addNewPost","decl":{"start":{"line":25,"column":23},"end":{"line":27,"column":6}},"loc":{"start":{"line":25,"column":23},"end":{"line":27,"column":6}},"line":25},"3":{"name":"deletePost","decl":{"start":{"line":30,"column":23},"end":{"line":33,"column":3}},"loc":{"start":{"line":30,"column":23},"end":{"line":33,"column":3}},"line":30},"4":{"name":"onClick","decl":{"start":{"line":45,"column":88},"end":{"line":45,"column":116}},"loc":{"start":{"line":45,"column":88},"end":{"line":45,"column":116}},"line":45}},"f":{"0":4,"1":2,"2":0,"3":0,"4":0}}
,"/Users/tpl1122_19/Desktop/blog-app/client/src/components/Comments.jsx": {"path":"/Users/tpl1122_19/Desktop/blog-app/client/src/components/Comments.jsx","all":false,"statementMap":{"0":{"start":{"line":1,"column":0},"end":{"line":1,"column":52}},"1":{"start":{"line":2,"column":0},"end":{"line":2,"column":32}},"3":{"start":{"line":4,"column":0},"end":{"line":4,"column":40}},"4":{"start":{"line":5,"column":0},"end":{"line":5,"column":44}},"5":{"start":{"line":6,"column":0},"end":{"line":6,"column":48}},"6":{"start":{"line":7,"column":0},"end":{"line":7,"column":46}},"7":{"start":{"line":8,"column":0},"end":{"line":8,"column":52}},"9":{"start":{"line":10,"column":0},"end":{"line":10,"column":21}},"10":{"start":{"line":11,"column":0},"end":{"line":11,"column":51}},"11":{"start":{"line":12,"column":0},"end":{"line":12,"column":15}},"12":{"start":{"line":13,"column":0},"end":{"line":13,"column":95}},"13":{"start":{"line":14,"column":0},"end":{"line":14,"column":47}},"14":{"start":{"line":15,"column":0},"end":{"line":15,"column":62}},"15":{"start":{"line":16,"column":0},"end":{"line":16,"column":34}},"16":{"start":{"line":17,"column":0},"end":{"line":17,"column":34}},"17":{"start":{"line":18,"column":0},"end":{"line":18,"column":22}},"18":{"start":{"line":19,"column":0},"end":{"line":19,"column":76}},"19":{"start":{"line":20,"column":0},"end":{"line":20,"column":15}},"20":{"start":{"line":21,"column":0},"end":{"line":21,"column":27}},"21":{"start":{"line":22,"column":0},"end":{"line":22,"column":69}},"22":{"start":{"line":23,"column":0},"end":{"line":23,"column":24}},"23":{"start":{"line":24,"column":0},"end":{"line":24,"column":11}},"24":{"start":{"line":25,"column":0},"end":{"line":25,"column":10}},"26":{"start":{"line":27,"column":0},"end":{"line":27,"column":27}},"27":{"start":{"line":28,"column":0},"end":{"line":28,"column":36}},"28":{"start":{"line":29,"column":0},"end":{"line":29,"column":9}},"29":{"start":{"line":30,"column":0},"end":{"line":30,"column":25}},"32":{"start":{"line":33,"column":0},"end":{"line":33,"column":40}},"33":{"start":{"line":34,"column":0},"end":{"line":34,"column":36}},"34":{"start":{"line":35,"column":0},"end":{"line":35,"column":53}},"35":{"start":{"line":36,"column":0},"end":{"line":36,"column":13}},"36":{"start":{"line":37,"column":0},"end":{"line":37,"column":5}},"38":{"start":{"line":39,"column":0},"end":{"line":39,"column":9}},"39":{"start":{"line":40,"column":0},"end":{"line":40,"column":96}},"40":{"start":{"line":41,"column":0},"end":{"line":41,"column":23}},"41":{"start":{"line":42,"column":0},"end":{"line":42,"column":18}},"42":{"start":{"line":43,"column":0},"end":{"line":43,"column":45}},"43":{"start":{"line":44,"column":0},"end":{"line":44,"column":10}},"44":{"start":{"line":45,"column":0},"end":{"line":45,"column":73}},"45":{"start":{"line":46,"column":0},"end":{"line":46,"column":9}},"47":{"start":{"line":48,"column":0},"end":{"line":48,"column":25}},"48":{"start":{"line":49,"column":0},"end":{"line":49,"column":49}},"49":{"start":{"line":50,"column":0},"end":{"line":50,"column":7}},"51":{"start":{"line":52,"column":0},"end":{"line":52,"column":51}},"54":{"start":{"line":55,"column":0},"end":{"line":55,"column":35}},"55":{"start":{"line":56,"column":0},"end":{"line":56,"column":81}},"56":{"start":{"line":57,"column":0},"end":{"line":57,"column":16}},"57":{"start":{"line":58,"column":0},"end":{"line":58,"column":14}},"59":{"start":{"line":60,"column":0},"end":{"line":60,"column":71}},"60":{"start":{"line":61,"column":0},"end":{"line":61,"column":47}},"61":{"start":{"line":62,"column":0},"end":{"line":62,"column":45}},"62":{"start":{"line":63,"column":0},"end":{"line":63,"column":7}},"63":{"start":{"line":64,"column":0},"end":{"line":64,"column":21}},"64":{"start":{"line":65,"column":0},"end":{"line":65,"column":60}},"65":{"start":{"line":66,"column":0},"end":{"line":66,"column":5}},"66":{"start":{"line":67,"column":0},"end":{"line":67,"column":4}},"69":{"start":{"line":70,"column":0},"end":{"line":70,"column":40}},"70":{"start":{"line":71,"column":0},"end":{"line":71,"column":33}},"71":{"start":{"line":72,"column":0},"end":{"line":72,"column":31}},"72":{"start":{"line":73,"column":0},"end":{"line":73,"column":18}},"73":{"start":{"line":74,"column":0},"end":{"line":74,"column":3}},"76":{"start":{"line":77,"column":0},"end":{"line":77,"column":52}},"77":{"start":{"line":78,"column":0},"end":{"line":78,"column":9}},"78":{"start":{"line":79,"column":0},"end":{"line":79,"column":107}},"79":{"start":{"line":80,"column":0},"end":{"line":80,"column":92}},"80":{"start":{"line":81,"column":0},"end":{"line":81,"column":21}},"81":{"start":{"line":82,"column":0},"end":{"line":82,"column":54}},"82":{"start":{"line":83,"column":0},"end":{"line":83,"column":5}},"83":{"start":{"line":84,"column":0},"end":{"line":84,"column":4}},"86":{"start":{"line":87,"column":0},"end":{"line":87,"column":32}},"87":{"start":{"line":88,"column":0},"end":{"line":88,"column":30}},"88":{"start":{"line":89,"column":0},"end":{"line":89,"column":3}},"90":{"start":{"line":91,"column":0},"end":{"line":91,"column":10}},"91":{"start":{"line":92,"column":0},"end":{"line":92,"column":38}},"93":{"start":{"line":94,"column":0},"end":{"line":94,"column":74}},"94":{"start":{"line":95,"column":0},"end":{"line":95,"column":56}},"95":{"start":{"line":96,"column":0},"end":{"line":96,"column":15}},"98":{"start":{"line":99,"column":0},"end":{"line":99,"column":85}},"99":{"start":{"line":100,"column":0},"end":{"line":100,"column":39}},"100":{"start":{"line":101,"column":0},"end":{"line":101,"column":12}},"101":{"start":{"line":102,"column":0},"end":{"line":102,"column":29}},"102":{"start":{"line":103,"column":0},"end":{"line":103,"column":36}},"103":{"start":{"line":104,"column":0},"end":{"line":104,"column":41}},"104":{"start":{"line":105,"column":0},"end":{"line":105,"column":62}},"105":{"start":{"line":106,"column":0},"end":{"line":106,"column":22}},"106":{"start":{"line":107,"column":0},"end":{"line":107,"column":105}},"107":{"start":{"line":108,"column":0},"end":{"line":108,"column":68}},"108":{"start":{"line":109,"column":0},"end":{"line":109,"column":23}},"109":{"start":{"line":110,"column":0},"end":{"line":110,"column":132}},"110":{"start":{"line":111,"column":0},"end":{"line":111,"column":21}},"111":{"start":{"line":112,"column":0},"end":{"line":112,"column":16}},"113":{"start":{"line":114,"column":0},"end":{"line":114,"column":37}},"115":{"start":{"line":116,"column":0},"end":{"line":116,"column":13}},"116":{"start":{"line":117,"column":0},"end":{"line":117,"column":17}},"117":{"start":{"line":118,"column":0},"end":{"line":118,"column":12}},"120":{"start":{"line":121,"column":0},"end":{"line":121,"column":35}},"121":{"start":{"line":122,"column":0},"end":{"line":122,"column":30}},"122":{"start":{"line":123,"column":0},"end":{"line":123,"column":17}},"123":{"start":{"line":124,"column":0},"end":{"line":124,"column":28}},"124":{"start":{"line":125,"column":0},"end":{"line":125,"column":57}},"125":{"start":{"line":126,"column":0},"end":{"line":126,"column":47}},"126":{"start":{"line":127,"column":0},"end":{"line":127,"column":35}},"127":{"start":{"line":128,"column":0},"end":{"line":128,"column":10}},"128":{"start":{"line":129,"column":0},"end":{"line":129,"column":14}},"129":{"start":{"line":130,"column":0},"end":{"line":130,"column":21}},"130":{"start":{"line":131,"column":0},"end":{"line":131,"column":27}},"131":{"start":{"line":132,"column":0},"end":{"line":132,"column":56}},"132":{"start":{"line":133,"column":0},"end":{"line":133,"column":33}},"133":{"start":{"line":134,"column":0},"end":{"line":134,"column":34}},"134":{"start":{"line":135,"column":0},"end":{"line":135,"column":10}},"135":{"start":{"line":136,"column":0},"end":{"line":136,"column":86}},"136":{"start":{"line":137,"column":0},"end":{"line":137,"column":12}},"137":{"start":{"line":138,"column":0},"end":{"line":138,"column":10}},"140":{"start":{"line":141,"column":0},"end":{"line":141,"column":1}},"142":{"start":{"line":143,"column":0},"end":{"line":143,"column":23}}},"s":{"0":1,"1":1,"3":1,"4":7,"5":7,"6":7,"7":7,"9":7,"10":4,"11":4,"12":4,"13":4,"14":4,"15":4,"16":1,"17":4,"18":3,"19":3,"20":4,"21":0,"22":0,"23":0,"24":4,"26":4,"27":4,"28":4,"29":7,"32":7,"33":0,"34":0,"35":0,"36":0,"38":0,"39":0,"40":0,"41":0,"42":0,"43":0,"44":0,"45":0,"47":0,"48":0,"49":0,"51":0,"54":0,"55":0,"56":0,"57":0,"59":0,"60":0,"61":0,"62":0,"63":0,"64":0,"65":0,"66":0,"69":7,"70":1,"71":0,"72":0,"73":1,"76":7,"77":0,"78":0,"79":0,"80":0,"81":0,"82":0,"83":0,"86":7,"87":1,"88":1,"90":7,"91":7,"93":7,"94":7,"95":7,"98":7,"99":7,"100":2,"101":2,"102":2,"103":1,"104":1,"105":1,"106":1,"107":1,"108":1,"109":1,"110":1,"111":1,"113":1,"115":2,"116":5,"117":7,"120":7,"121":7,"122":7,"123":7,"124":7,"125":7,"126":7,"127":7,"128":7,"129":7,"130":7,"131":7,"132":7,"133":7,"134":7,"135":7,"136":7,"137":7,"140":7,"142":1},"branchMap":{"0":{"type":"branch","line":4,"loc":{"start":{"line":4,"column":17},"end":{"line":141,"column":1}},"locations":[{"start":{"line":4,"column":17},"end":{"line":141,"column":1}}]},"1":{"type":"branch","line":95,"loc":{"start":{"line":95,"column":9},"end":{"line":95,"column":40}},"locations":[{"start":{"line":95,"column":9},"end":{"line":95,"column":40}}]},"2":{"type":"branch","line":95,"loc":{"start":{"line":95,"column":22},"end":{"line":95,"column":56}},"locations":[{"start":{"line":95,"column":22},"end":{"line":95,"column":56}}]},"3":{"type":"branch","line":99,"loc":{"start":{"line":99,"column":44},"end":{"line":99,"column":70}},"locations":[{"start":{"line":99,"column":44},"end":{"line":99,"column":70}}]},"4":{"type":"branch","line":99,"loc":{"start":{"line":99,"column":57},"end":{"line":99,"column":81}},"locations":[{"start":{"line":99,"column":57},"end":{"line":99,"column":81}}]},"5":{"type":"branch","line":100,"loc":{"start":{"line":100,"column":25},"end":{"line":116,"column":13}},"locations":[{"start":{"line":100,"column":25},"end":{"line":116,"column":13}}]},"6":{"type":"branch","line":103,"loc":{"start":{"line":103,"column":31},"end":{"line":112,"column":16}},"locations":[{"start":{"line":103,"column":31},"end":{"line":112,"column":16}}]},"7":{"type":"branch","line":112,"loc":{"start":{"line":112,"column":15},"end":{"line":114,"column":37}},"locations":[{"start":{"line":112,"column":15},"end":{"line":114,"column":37}}]},"8":{"type":"branch","line":116,"loc":{"start":{"line":116,"column":10},"end":{"line":117,"column":17}},"locations":[{"start":{"line":116,"column":10},"end":{"line":117,"column":17}}]},"9":{"type":"branch","line":10,"loc":{"start":{"line":10,"column":14},"end":{"line":30,"column":9}},"locations":[{"start":{"line":10,"column":14},"end":{"line":30,"column":9}}]},"10":{"type":"branch","line":11,"loc":{"start":{"line":11,"column":38},"end":{"line":25,"column":10}},"locations":[{"start":{"line":11,"column":38},"end":{"line":25,"column":10}}]},"11":{"type":"branch","line":16,"loc":{"start":{"line":16,"column":33},"end":{"line":18,"column":21}},"locations":[{"start":{"line":16,"column":33},"end":{"line":18,"column":21}}]},"12":{"type":"branch","line":18,"loc":{"start":{"line":18,"column":14},"end":{"line":20,"column":15}},"locations":[{"start":{"line":18,"column":14},"end":{"line":20,"column":15}}]},"13":{"type":"branch","line":21,"loc":{"start":{"line":21,"column":10},"end":{"line":24,"column":11}},"locations":[{"start":{"line":21,"column":10},"end":{"line":24,"column":11}}]},"14":{"type":"branch","line":70,"loc":{"start":{"line":70,"column":28},"end":{"line":74,"column":3}},"locations":[{"start":{"line":70,"column":28},"end":{"line":74,"column":3}}]},"15":{"type":"branch","line":71,"loc":{"start":{"line":71,"column":26},"end":{"line":73,"column":18}},"locations":[{"start":{"line":71,"column":26},"end":{"line":73,"column":18}}]},"16":{"type":"branch","line":87,"loc":{"start":{"line":87,"column":25},"end":{"line":89,"column":3}},"locations":[{"start":{"line":87,"column":25},"end":{"line":89,"column":3}}]},"17":{"type":"branch","line":104,"loc":{"start":{"line":104,"column":27},"end":{"line":111,"column":21}},"locations":[{"start":{"line":104,"column":27},"end":{"line":111,"column":21}}]}},"b":{"0":[7],"1":[2],"2":[5],"3":[2],"4":[5],"5":[2],"6":[1],"7":[1],"8":[5],"9":[4],"10":[4],"11":[1],"12":[3],"13":[0],"14":[1],"15":[0],"16":[1],"17":[1]},"fnMap":{"0":{"name":"Comments","decl":{"start":{"line":4,"column":17},"end":{"line":141,"column":1}},"loc":{"start":{"line":4,"column":17},"end":{"line":141,"column":1}},"line":4},"1":{"name":"fetchCommentsByPostId","decl":{"start":{"line":11,"column":38},"end":{"line":25,"column":10}},"loc":{"start":{"line":11,"column":38},"end":{"line":25,"column":10}},"line":11},"2":{"name":"handleAddComment","decl":{"start":{"line":33,"column":27},"end":{"line":67,"column":4}},"loc":{"start":{"line":33,"column":27},"end":{"line":67,"column":4}},"line":33},"3":{"name":"getSentimentColor","decl":{"start":{"line":70,"column":28},"end":{"line":74,"column":3}},"loc":{"start":{"line":70,"column":28},"end":{"line":74,"column":3}},"line":70},"4":{"name":"deleteComment","decl":{"start":{"line":77,"column":22},"end":{"line":84,"column":4}},"loc":{"start":{"line":77,"column":22},"end":{"line":84,"column":4}},"line":77},"5":{"name":"toggleComments","decl":{"start":{"line":87,"column":25},"end":{"line":89,"column":3}},"loc":{"start":{"line":87,"column":25},"end":{"line":89,"column":3}},"line":87},"6":{"name":"onClick","decl":{"start":{"line":110,"column":70},"end":{"line":110,"column":117}},"loc":{"start":{"line":110,"column":70},"end":{"line":110,"column":117}},"line":110},"7":{"name":"onChange","decl":{"start":{"line":125,"column":20},"end":{"line":125,"column":57}},"loc":{"start":{"line":125,"column":20},"end":{"line":125,"column":57}},"line":125},"8":{"name":"onChange","decl":{"start":{"line":132,"column":20},"end":{"line":132,"column":56}},"loc":{"start":{"line":132,"column":20},"end":{"line":132,"column":56}},"line":132}},"f":{"0":7,"1":4,"2":0,"3":1,"4":0,"5":1,"6":0,"7":0,"8":0}}
,"/Users/tpl1122_19/Desktop/blog-app/client/src/components/CreatePost.jsx": {"path":"/Users/tpl1122_19/Desktop/blog-app/client/src/components/CreatePost.jsx","all":false,"statementMap":{"0":{"start":{"line":1,"column":0},"end":{"line":1,"column":40}},"1":{"start":{"line":2,"column":0},"end":{"line":2,"column":33}},"3":{"start":{"line":4,"column":0},"end":{"line":4,"column":40}},"4":{"start":{"line":5,"column":0},"end":{"line":5,"column":41}},"5":{"start":{"line":6,"column":0},"end":{"line":6,"column":45}},"6":{"start":{"line":7,"column":0},"end":{"line":7,"column":42}},"8":{"start":{"line":9,"column":0},"end":{"line":9,"column":37}},"9":{"start":{"line":10,"column":0},"end":{"line":10,"column":23}},"12":{"start":{"line":13,"column":0},"end":{"line":13,"column":29}},"13":{"start":{"line":14,"column":0},"end":{"line":14,"column":61}},"14":{"start":{"line":15,"column":0},"end":{"line":15,"column":13}},"15":{"start":{"line":16,"column":0},"end":{"line":16,"column":5}},"17":{"start":{"line":18,"column":0},"end":{"line":18,"column":47}},"19":{"start":{"line":20,"column":0},"end":{"line":20,"column":9}},"20":{"start":{"line":21,"column":0},"end":{"line":21,"column":71}},"21":{"start":{"line":22,"column":0},"end":{"line":22,"column":23}},"22":{"start":{"line":23,"column":0},"end":{"line":23,"column":18}},"23":{"start":{"line":24,"column":0},"end":{"line":24,"column":45}},"24":{"start":{"line":25,"column":0},"end":{"line":25,"column":10}},"25":{"start":{"line":26,"column":0},"end":{"line":26,"column":38}},"26":{"start":{"line":27,"column":0},"end":{"line":27,"column":9}},"28":{"start":{"line":29,"column":0},"end":{"line":29,"column":24}},"29":{"start":{"line":30,"column":0},"end":{"line":30,"column":51}},"30":{"start":{"line":31,"column":0},"end":{"line":31,"column":32}},"32":{"start":{"line":33,"column":0},"end":{"line":33,"column":21}},"33":{"start":{"line":34,"column":0},"end":{"line":34,"column":23}},"34":{"start":{"line":35,"column":0},"end":{"line":35,"column":22}},"35":{"start":{"line":36,"column":0},"end":{"line":36,"column":43}},"36":{"start":{"line":37,"column":0},"end":{"line":37,"column":14}},"37":{"start":{"line":38,"column":0},"end":{"line":38,"column":37}},"38":{"start":{"line":39,"column":0},"end":{"line":39,"column":7}},"39":{"start":{"line":40,"column":0},"end":{"line":40,"column":21}},"40":{"start":{"line":41,"column":0},"end":{"line":41,"column":37}},"41":{"start":{"line":42,"column":0},"end":{"line":42,"column":5}},"42":{"start":{"line":43,"column":0},"end":{"line":43,"column":4}},"44":{"start":{"line":45,"column":0},"end":{"line":45,"column":10}},"45":{"start":{"line":46,"column":0},"end":{"line":46,"column":63}},"46":{"start":{"line":47,"column":0},"end":{"line":47,"column":34}},"48":{"start":{"line":49,"column":0},"end":{"line":49,"column":116}},"49":{"start":{"line":50,"column":0},"end":{"line":50,"column":12}},"50":{"start":{"line":51,"column":0},"end":{"line":51,"column":34}},"52":{"start":{"line":53,"column":0},"end":{"line":53,"column":114}},"53":{"start":{"line":54,"column":0},"end":{"line":54,"column":12}},"54":{"start":{"line":55,"column":0},"end":{"line":55,"column":34}},"56":{"start":{"line":57,"column":0},"end":{"line":57,"column":109}},"57":{"start":{"line":58,"column":0},"end":{"line":58,"column":12}},"58":{"start":{"line":59,"column":0},"end":{"line":59,"column":72}},"59":{"start":{"line":60,"column":0},"end":{"line":60,"column":9}},"61":{"start":{"line":62,"column":0},"end":{"line":62,"column":2}},"63":{"start":{"line":64,"column":0},"end":{"line":64,"column":26}}},"s":{"0":1,"1":1,"3":1,"4":9,"5":9,"6":9,"8":9,"9":1,"12":1,"13":0,"14":0,"15":0,"17":1,"19":1,"20":1,"21":1,"22":1,"23":1,"24":1,"25":1,"26":1,"28":1,"29":1,"30":1,"32":1,"33":1,"34":1,"35":1,"36":1,"37":0,"38":0,"39":1,"40":0,"41":0,"42":1,"44":9,"45":9,"46":9,"48":9,"49":9,"50":9,"52":9,"53":9,"54":9,"56":9,"57":9,"58":9,"59":9,"61":9,"63":1},"branchMap":{"0":{"type":"branch","line":4,"loc":{"start":{"line":4,"column":19},"end":{"line":62,"column":2}},"locations":[{"start":{"line":4,"column":19},"end":{"line":62,"column":2}}]},"1":{"type":"branch","line":9,"loc":{"start":{"line":9,"column":23},"end":{"line":43,"column":4}},"locations":[{"start":{"line":9,"column":23},"end":{"line":43,"column":4}}]},"2":{"type":"branch","line":13,"loc":{"start":{"line":13,"column":28},"end":{"line":16,"column":5}},"locations":[{"start":{"line":13,"column":28},"end":{"line":16,"column":5}}]},"3":{"type":"branch","line":37,"loc":{"start":{"line":37,"column":6},"end":{"line":39,"column":7}},"locations":[{"start":{"line":37,"column":6},"end":{"line":39,"column":7}}]},"4":{"type":"branch","line":40,"loc":{"start":{"line":40,"column":4},"end":{"line":42,"column":5}},"locations":[{"start":{"line":40,"column":4},"end":{"line":42,"column":5}}]},"5":{"type":"branch","line":49,"loc":{"start":{"line":49,"column":49},"end":{"line":49,"column":82}},"locations":[{"start":{"line":49,"column":49},"end":{"line":49,"column":82}}]},"6":{"type":"branch","line":53,"loc":{"start":{"line":53,"column":42},"end":{"line":53,"column":77}},"locations":[{"start":{"line":53,"column":42},"end":{"line":53,"column":77}}]},"7":{"type":"branch","line":57,"loc":{"start":{"line":57,"column":50},"end":{"line":57,"column":84}},"locations":[{"start":{"line":57,"column":50},"end":{"line":57,"column":84}}]}},"b":{"0":[9],"1":[1],"2":[0],"3":[0],"4":[0],"5":[1],"6":[1],"7":[1]},"fnMap":{"0":{"name":"CreatePost","decl":{"start":{"line":4,"column":19},"end":{"line":62,"column":2}},"loc":{"start":{"line":4,"column":19},"end":{"line":62,"column":2}},"line":4},"1":{"name":"handleSubmit","decl":{"start":{"line":9,"column":23},"end":{"line":43,"column":4}},"loc":{"start":{"line":9,"column":23},"end":{"line":43,"column":4}},"line":9},"2":{"name":"onChange","decl":{"start":{"line":49,"column":49},"end":{"line":49,"column":82}},"loc":{"start":{"line":49,"column":49},"end":{"line":49,"column":82}},"line":49},"3":{"name":"onChange","decl":{"start":{"line":53,"column":42},"end":{"line":53,"column":77}},"loc":{"start":{"line":53,"column":42},"end":{"line":53,"column":77}},"line":53},"4":{"name":"onChange","decl":{"start":{"line":57,"column":50},"end":{"line":57,"column":84}},"loc":{"start":{"line":57,"column":50},"end":{"line":57,"column":84}},"line":57}},"f":{"0":9,"1":1,"2":1,"3":1,"4":1}}
,"/Users/tpl1122_19/Desktop/blog-app/client/src/components/LandingPage.jsx": {"path":"/Users/tpl1122_19/Desktop/blog-app/client/src/components/LandingPage.jsx","all":false,"statementMap":{"0":{"start":{"line":1,"column":0},"end":{"line":1,"column":51}},"1":{"start":{"line":2,"column":0},"end":{"line":2,"column":40}},"2":{"start":{"line":3,"column":0},"end":{"line":3,"column":35}},"4":{"start":{"line":5,"column":0},"end":{"line":5,"column":27}},"5":{"start":{"line":6,"column":0},"end":{"line":6,"column":59}},"6":{"start":{"line":7,"column":0},"end":{"line":7,"column":66}},"9":{"start":{"line":10,"column":0},"end":{"line":10,"column":21}},"10":{"start":{"line":11,"column":0},"end":{"line":11,"column":47}},"11":{"start":{"line":12,"column":0},"end":{"line":12,"column":17}},"12":{"start":{"line":13,"column":0},"end":{"line":13,"column":80}},"13":{"start":{"line":14,"column":0},"end":{"line":14,"column":51}},"15":{"start":{"line":16,"column":0},"end":{"line":16,"column":41}},"17":{"start":{"line":18,"column":0},"end":{"line":18,"column":34}},"18":{"start":{"line":19,"column":0},"end":{"line":19,"column":45}},"19":{"start":{"line":20,"column":0},"end":{"line":20,"column":25}},"20":{"start":{"line":21,"column":0},"end":{"line":21,"column":29}},"21":{"start":{"line":22,"column":0},"end":{"line":22,"column":78}},"22":{"start":{"line":23,"column":0},"end":{"line":23,"column":13}},"23":{"start":{"line":24,"column":0},"end":{"line":24,"column":10}},"27":{"start":{"line":28,"column":0},"end":{"line":28,"column":28}},"28":{"start":{"line":29,"column":0},"end":{"line":29,"column":11}},"31":{"start":{"line":32,"column":0},"end":{"line":32,"column":24}},"32":{"start":{"line":33,"column":0},"end":{"line":33,"column":47}},"33":{"start":{"line":34,"column":0},"end":{"line":34,"column":5}},"35":{"start":{"line":36,"column":0},"end":{"line":36,"column":12}},"36":{"start":{"line":37,"column":0},"end":{"line":37,"column":75}},"37":{"start":{"line":38,"column":0},"end":{"line":38,"column":57}},"38":{"start":{"line":39,"column":0},"end":{"line":39,"column":58}},"40":{"start":{"line":41,"column":0},"end":{"line":41,"column":37}},"41":{"start":{"line":42,"column":0},"end":{"line":42,"column":45}},"42":{"start":{"line":43,"column":0},"end":{"line":43,"column":20}},"44":{"start":{"line":45,"column":0},"end":{"line":45,"column":87}},"46":{"start":{"line":47,"column":0},"end":{"line":47,"column":99}},"47":{"start":{"line":48,"column":0},"end":{"line":48,"column":5}},"49":{"start":{"line":50,"column":0},"end":{"line":50,"column":136}},"56":{"start":{"line":57,"column":0},"end":{"line":57,"column":127}},"59":{"start":{"line":60,"column":0},"end":{"line":60,"column":22}},"60":{"start":{"line":61,"column":0},"end":{"line":61,"column":18}},"61":{"start":{"line":62,"column":0},"end":{"line":62,"column":14}},"63":{"start":{"line":64,"column":0},"end":{"line":64,"column":2}},"65":{"start":{"line":66,"column":0},"end":{"line":66,"column":27}}},"s":{"0":1,"1":1,"2":1,"4":1,"5":1,"6":1,"9":1,"10":1,"11":1,"12":1,"13":0,"15":0,"17":0,"18":0,"19":0,"20":1,"21":1,"22":1,"23":1,"27":1,"28":1,"31":1,"32":1,"33":1,"35":0,"36":1,"37":1,"38":1,"40":1,"41":1,"42":1,"44":1,"46":1,"47":1,"49":1,"56":1,"59":1,"60":1,"61":1,"63":1,"65":1},"branchMap":{"0":{"type":"branch","line":5,"loc":{"start":{"line":5,"column":20},"end":{"line":64,"column":2}},"locations":[{"start":{"line":5,"column":20},"end":{"line":64,"column":2}}]},"1":{"type":"branch","line":34,"loc":{"start":{"line":34,"column":4},"end":{"line":37,"column":69}},"locations":[{"start":{"line":34,"column":4},"end":{"line":37,"column":69}}]},"2":{"type":"branch","line":37,"loc":{"start":{"line":37,"column":58},"end":{"line":37,"column":71}},"locations":[{"start":{"line":37,"column":58},"end":{"line":37,"column":71}}]},"3":{"type":"branch","line":10,"loc":{"start":{"line":10,"column":14},"end":{"line":29,"column":7}},"locations":[{"start":{"line":10,"column":14},"end":{"line":29,"column":7}}]},"4":{"type":"branch","line":11,"loc":{"start":{"line":11,"column":34},"end":{"line":24,"column":10}},"locations":[{"start":{"line":11,"column":34},"end":{"line":24,"column":10}}]},"5":{"type":"branch","line":13,"loc":{"start":{"line":13,"column":78},"end":{"line":21,"column":21}},"locations":[{"start":{"line":13,"column":78},"end":{"line":21,"column":21}}]}},"b":{"0":[1],"1":[0],"2":[0],"3":[1],"4":[1],"5":[0]},"fnMap":{"0":{"name":"LandingPage","decl":{"start":{"line":5,"column":20},"end":{"line":64,"column":2}},"loc":{"start":{"line":5,"column":20},"end":{"line":64,"column":2}},"line":5},"1":{"name":"fetchFeaturedPost","decl":{"start":{"line":11,"column":34},"end":{"line":24,"column":10}},"loc":{"start":{"line":11,"column":34},"end":{"line":24,"column":10}},"line":11}},"f":{"0":1,"1":1}}
,"/Users/tpl1122_19/Desktop/blog-app/client/src/components/NavBar.jsx": {"path":"/Users/tpl1122_19/Desktop/blog-app/client/src/components/NavBar.jsx","all":false,"statementMap":{"0":{"start":{"line":1,"column":0},"end":{"line":1,"column":26}},"1":{"start":{"line":2,"column":0},"end":{"line":2,"column":40}},"2":{"start":{"line":3,"column":0},"end":{"line":3,"column":49}},"4":{"start":{"line":5,"column":0},"end":{"line":5,"column":22}},"5":{"start":{"line":6,"column":0},"end":{"line":6,"column":10}},"6":{"start":{"line":7,"column":0},"end":{"line":7,"column":32}},"7":{"start":{"line":8,"column":0},"end":{"line":8,"column":34}},"8":{"start":{"line":9,"column":0},"end":{"line":9,"column":36}},"9":{"start":{"line":10,"column":0},"end":{"line":10,"column":58}},"10":{"start":{"line":11,"column":0},"end":{"line":11,"column":13}},"11":{"start":{"line":12,"column":0},"end":{"line":12,"column":36}},"12":{"start":{"line":13,"column":0},"end":{"line":13,"column":63}},"13":{"start":{"line":14,"column":0},"end":{"line":14,"column":13}},"14":{"start":{"line":15,"column":0},"end":{"line":15,"column":36}},"15":{"start":{"line":16,"column":0},"end":{"line":16,"column":72}},"16":{"start":{"line":17,"column":0},"end":{"line":17,"column":13}},"17":{"start":{"line":18,"column":0},"end":{"line":18,"column":11}},"18":{"start":{"line":19,"column":0},"end":{"line":19,"column":10}},"20":{"start":{"line":21,"column":0},"end":{"line":21,"column":2}},"22":{"start":{"line":23,"column":0},"end":{"line":23,"column":22}}},"s":{"0":1,"1":1,"2":1,"4":1,"5":1,"6":1,"7":1,"8":1,"9":1,"10":1,"11":1,"12":1,"13":1,"14":1,"15":1,"16":1,"17":1,"18":1,"20":1,"22":1},"branchMap":{"0":{"type":"branch","line":5,"loc":{"start":{"line":5,"column":15},"end":{"line":21,"column":2}},"locations":[{"start":{"line":5,"column":15},"end":{"line":21,"column":2}}]}},"b":{"0":[1]},"fnMap":{"0":{"name":"Navbar","decl":{"start":{"line":5,"column":15},"end":{"line":21,"column":2}},"loc":{"start":{"line":5,"column":15},"end":{"line":21,"column":2}},"line":5}},"f":{"0":1}}
,"/Users/tpl1122_19/Desktop/blog-app/client/src/components/PostDetail.jsx": {"path":"/Users/tpl1122_19/Desktop/blog-app/client/src/components/PostDetail.jsx","all":false,"statementMap":{"0":{"start":{"line":1,"column":0},"end":{"line":1,"column":51}},"1":{"start":{"line":2,"column":0},"end":{"line":2,"column":45}},"2":{"start":{"line":3,"column":0},"end":{"line":3,"column":34}},"3":{"start":{"line":4,"column":0},"end":{"line":4,"column":33}},"5":{"start":{"line":6,"column":0},"end":{"line":6,"column":27}},"6":{"start":{"line":7,"column":0},"end":{"line":7,"column":35}},"7":{"start":{"line":8,"column":0},"end":{"line":8,"column":45}},"8":{"start":{"line":9,"column":0},"end":{"line":9,"column":47}},"11":{"start":{"line":12,"column":0},"end":{"line":12,"column":19}},"12":{"start":{"line":13,"column":0},"end":{"line":13,"column":39}},"13":{"start":{"line":14,"column":0},"end":{"line":14,"column":11}},"14":{"start":{"line":15,"column":0},"end":{"line":15,"column":82}},"15":{"start":{"line":16,"column":0},"end":{"line":16,"column":43}},"16":{"start":{"line":17,"column":0},"end":{"line":17,"column":49}},"17":{"start":{"line":18,"column":0},"end":{"line":18,"column":26}},"18":{"start":{"line":19,"column":0},"end":{"line":19,"column":23}},"19":{"start":{"line":20,"column":0},"end":{"line":20,"column":61}},"20":{"start":{"line":21,"column":0},"end":{"line":21,"column":20}},"21":{"start":{"line":22,"column":0},"end":{"line":22,"column":7}},"22":{"start":{"line":23,"column":0},"end":{"line":23,"column":6}},"24":{"start":{"line":25,"column":0},"end":{"line":25,"column":17}},"25":{"start":{"line":26,"column":0},"end":{"line":26,"column":24}},"26":{"start":{"line":27,"column":0},"end":{"line":27,"column":5}},"27":{"start":{"line":28,"column":0},"end":{"line":28,"column":15}},"30":{"start":{"line":31,"column":0},"end":{"line":31,"column":42}},"31":{"start":{"line":32,"column":0},"end":{"line":32,"column":9}},"32":{"start":{"line":33,"column":0},"end":{"line":33,"column":87}},"34":{"start":{"line":35,"column":0},"end":{"line":35,"column":24}},"35":{"start":{"line":36,"column":0},"end":{"line":36,"column":48}},"36":{"start":{"line":37,"column":0},"end":{"line":37,"column":56}},"37":{"start":{"line":38,"column":0},"end":{"line":38,"column":30}},"38":{"start":{"line":39,"column":0},"end":{"line":39,"column":45}},"39":{"start":{"line":40,"column":0},"end":{"line":40,"column":14}},"40":{"start":{"line":41,"column":0},"end":{"line":41,"column":71}},"41":{"start":{"line":42,"column":0},"end":{"line":42,"column":7}},"42":{"start":{"line":43,"column":0},"end":{"line":43,"column":21}},"43":{"start":{"line":44,"column":0},"end":{"line":44,"column":37}},"44":{"start":{"line":45,"column":0},"end":{"line":45,"column":5}},"45":{"start":{"line":46,"column":0},"end":{"line":46,"column":4}},"47":{"start":{"line":48,"column":0},"end":{"line":48,"column":16}},"48":{"start":{"line":49,"column":0},"end":{"line":49,"column":34}},"49":{"start":{"line":50,"column":0},"end":{"line":50,"column":3}},"52":{"start":{"line":53,"column":0},"end":{"line":53,"column":12}},"53":{"start":{"line":54,"column":0},"end":{"line":54,"column":47}},"54":{"start":{"line":55,"column":0},"end":{"line":55,"column":42}},"55":{"start":{"line":56,"column":0},"end":{"line":56,"column":56}},"56":{"start":{"line":57,"column":0},"end":{"line":57,"column":81}},"57":{"start":{"line":58,"column":0},"end":{"line":58,"column":58}},"58":{"start":{"line":59,"column":0},"end":{"line":59,"column":97}},"59":{"start":{"line":60,"column":0},"end":{"line":60,"column":22}},"60":{"start":{"line":61,"column":0},"end":{"line":61,"column":40}},"61":{"start":{"line":62,"column":0},"end":{"line":62,"column":51}},"62":{"start":{"line":63,"column":0},"end":{"line":63,"column":16}},"64":{"start":{"line":65,"column":0},"end":{"line":65,"column":12}},"65":{"start":{"line":66,"column":0},"end":{"line":66,"column":11}},"66":{"start":{"line":67,"column":0},"end":{"line":67,"column":42}},"67":{"start":{"line":68,"column":0},"end":{"line":68,"column":12}},"68":{"start":{"line":69,"column":0},"end":{"line":69,"column":14}},"70":{"start":{"line":71,"column":0},"end":{"line":71,"column":1}},"72":{"start":{"line":73,"column":0},"end":{"line":73,"column":27}}},"s":{"0":1,"1":1,"2":1,"3":1,"5":1,"6":2,"7":2,"8":2,"11":2,"12":1,"13":1,"14":1,"15":1,"16":1,"17":1,"18":1,"19":0,"20":0,"21":0,"22":1,"24":1,"25":1,"26":1,"27":2,"30":2,"31":0,"32":0,"34":0,"35":0,"36":0,"37":0,"38":0,"39":0,"40":0,"41":0,"42":0,"43":0,"44":0,"45":0,"47":2,"48":0,"49":0,"52":2,"53":2,"54":2,"55":2,"56":2,"57":2,"58":2,"59":2,"60":0,"61":0,"62":0,"64":2,"65":2,"66":2,"67":2,"68":2,"70":2,"72":1},"branchMap":{"0":{"type":"branch","line":6,"loc":{"start":{"line":6,"column":20},"end":{"line":71,"column":1}},"locations":[{"start":{"line":6,"column":20},"end":{"line":71,"column":1}}]},"1":{"type":"branch","line":48,"loc":{"start":{"line":48,"column":15},"end":{"line":50,"column":3}},"locations":[{"start":{"line":48,"column":15},"end":{"line":50,"column":3}}]},"2":{"type":"branch","line":60,"loc":{"start":{"line":60,"column":9},"end":{"line":63,"column":16}},"locations":[{"start":{"line":60,"column":9},"end":{"line":63,"column":16}}]},"3":{"type":"branch","line":12,"loc":{"start":{"line":12,"column":12},"end":{"line":28,"column":5}},"locations":[{"start":{"line":12,"column":12},"end":{"line":28,"column":5}}]},"4":{"type":"branch","line":13,"loc":{"start":{"line":13,"column":26},"end":{"line":23,"column":6}},"locations":[{"start":{"line":13,"column":26},"end":{"line":23,"column":6}}]},"5":{"type":"branch","line":19,"loc":{"start":{"line":19,"column":6},"end":{"line":22,"column":7}},"locations":[{"start":{"line":19,"column":6},"end":{"line":22,"column":7}}]}},"b":{"0":[2],"1":[0],"2":[0],"3":[1],"4":[1],"5":[0]},"fnMap":{"0":{"name":"PostDetails","decl":{"start":{"line":6,"column":20},"end":{"line":71,"column":1}},"loc":{"start":{"line":6,"column":20},"end":{"line":71,"column":1}},"line":6},"1":{"name":"fetchPostById","decl":{"start":{"line":13,"column":26},"end":{"line":23,"column":6}},"loc":{"start":{"line":13,"column":26},"end":{"line":23,"column":6}},"line":13},"2":{"name":"handleGenerateSpeech","decl":{"start":{"line":31,"column":29},"end":{"line":46,"column":4}},"loc":{"start":{"line":31,"column":29},"end":{"line":46,"column":4}},"line":31}},"f":{"0":2,"1":1,"2":0}}
}
